0 info it worked if it ends with ok
1 verbose cli [ '/usr/local/bin/node',
1 verbose cli   '/usr/local/bin/npm',
1 verbose cli   'run',
1 verbose cli   'code-style' ]
2 info using npm@1.4.28
3 info using node@v0.10.40
4 verbose node symlink /usr/local/bin/node
5 verbose run-script [ 'precode-style', 'code-style', 'postcode-style' ]
6 info precode-style array-to-object@1.1.0
7 info code-style array-to-object@1.1.0
8 verbose unsafe-perm in lifecycle true
9 info array-to-object@1.1.0 Failed to exec code-style script
10 error array-to-object@1.1.0 code-style: `jscs index.js`
10 error Exit status 2
11 error Failed at the array-to-object@1.1.0 code-style script.
11 error This is most likely a problem with the array-to-object package,
11 error not with npm itself.
11 error Tell the author that this fails on your system:
11 error     jscs index.js
11 error You can get their info via:
11 error     npm owner ls array-to-object
11 error There is likely additional logging output above.
12 error System Darwin 14.4.0
13 error command "/usr/local/bin/node" "/usr/local/bin/npm" "run" "code-style"
14 error cwd /Users/quim/Projects/opensource/array-to-object
15 error node -v v0.10.40
16 error npm -v 1.4.28
17 error code ELIFECYCLE
18 verbose exit [ 1, true ]
